[debug] [2025-12-04T15:49:58.345Z] ----------------------------------------------------------------------
[debug] [2025-12-04T15:49:58.347Z] Command:       C:\Program Files\nodejs\node.exe C:\Users\danie\AppData\Roaming\npm\node_modules\firebase-tools\lib\bin\firebase.js init hosting
[debug] [2025-12-04T15:49:58.347Z] CLI Version:   14.27.0
[debug] [2025-12-04T15:49:58.348Z] Platform:      win32
[debug] [2025-12-04T15:49:58.348Z] Node Version:  v22.20.0
[debug] [2025-12-04T15:49:58.348Z] Time:          Thu Dec 04 2025 10:49:58 GMT-0500 (hora estándar de Perú)
[debug] [2025-12-04T15:49:58.348Z] ----------------------------------------------------------------------
[debug] 
[info] 
     ######## #### ########  ######## ########     ###     ######  ########
     ##        ##  ##     ## ##       ##     ##  ##   ##  ##       ##
     ######    ##  ########  ######   ########  #########  ######  ######
     ##        ##  ##    ##  ##       ##     ## ##     ##       ## ##
     ##       #### ##     ## ######## ########  ##     ##  ######  ########

You're about to initialize a Firebase project in this directory:

  C:\Users\danie\data1\desarrollos\open\TF\protectx-frontend

[info] 
=== Project Setup
[info] 
[info] First, let's associate this project directory with a Firebase project.
[info] You can create multiple project aliases by running firebase use --add, 
[info] 
[info] i  If you want to create a project in a Google Cloud organization or folder, please use "firebase projects:create" instead, and return to this command when you've created the project. 
[debug] [2025-12-04T15:50:04.190Z] > command requires scopes: ["email","openid","https://www.googleapis.com/auth/cloudplatformprojects.readonly","https://www.googleapis.com/auth/firebase","https://www.googleapis.com/auth/cloud-platform"]
[debug] [2025-12-04T15:50:04.191Z] > authorizing via signed-in user (danielruizhuisa2018@gmail.com)
[debug] [2025-12-04T15:50:18.676Z] Checked if tokens are valid: false, expires at: 1764788565394
[debug] [2025-12-04T15:50:18.676Z] Checked if tokens are valid: false, expires at: 1764788565394
[debug] [2025-12-04T15:50:18.677Z] > refreshing access token with scopes: []
[debug] [2025-12-04T15:50:18.680Z] >>> [apiv2][query] POST https://www.googleapis.com/oauth2/v3/token [none]
[debug] [2025-12-04T15:50:18.680Z] >>> [apiv2][body] POST https://www.googleapis.com/oauth2/v3/token [omitted]
[debug] [2025-12-04T15:50:18.970Z] <<< [apiv2][status] POST https://www.googleapis.com/oauth2/v3/token 200
[debug] [2025-12-04T15:50:18.970Z] <<< [apiv2][body] POST https://www.googleapis.com/oauth2/v3/token [omitted]
[debug] [2025-12-04T15:50:18.985Z] >>> [apiv2][query] POST https://firebase.googleapis.com/v1/projects:checkProjectId [none]
[debug] [2025-12-04T15:50:18.985Z] >>> [apiv2][body] POST https://firebase.googleapis.com/v1/projects:checkProjectId {"proposedId":"ProtectXFinal"}
[debug] [2025-12-04T15:50:19.670Z] <<< [apiv2][status] POST https://firebase.googleapis.com/v1/projects:checkProjectId 200
[debug] [2025-12-04T15:50:19.670Z] <<< [apiv2][body] POST https://firebase.googleapis.com/v1/projects:checkProjectId {"projectIdStatus":"PROJECT_ID_NOT_VALID","suggestedProjectId":"protectxfinal"}
[debug] [2025-12-04T15:50:25.472Z] Checked if tokens are valid: true, expires at: 1764867017971
[debug] [2025-12-04T15:50:25.473Z] Checked if tokens are valid: true, expires at: 1764867017971
[debug] [2025-12-04T15:50:25.474Z] >>> [apiv2][query] POST https://firebase.googleapis.com/v1/projects:checkProjectId [none]
[debug] [2025-12-04T15:50:25.475Z] >>> [apiv2][body] POST https://firebase.googleapis.com/v1/projects:checkProjectId {"proposedId":"ProtectXSentinel"}
[debug] [2025-12-04T15:50:25.981Z] <<< [apiv2][status] POST https://firebase.googleapis.com/v1/projects:checkProjectId 200
[debug] [2025-12-04T15:50:25.982Z] <<< [apiv2][body] POST https://firebase.googleapis.com/v1/projects:checkProjectId {"projectIdStatus":"PROJECT_ID_NOT_VALID","suggestedProjectId":"protectxsentinel"}
[debug] [2025-12-04T15:50:34.206Z] Checked if tokens are valid: true, expires at: 1764867017971
[debug] [2025-12-04T15:50:34.206Z] Checked if tokens are valid: true, expires at: 1764867017971
[debug] [2025-12-04T15:50:34.208Z] >>> [apiv2][query] POST https://firebase.googleapis.com/v1/projects:checkProjectId [none]
[debug] [2025-12-04T15:50:34.208Z] >>> [apiv2][body] POST https://firebase.googleapis.com/v1/projects:checkProjectId {"proposedId":"protectXsentinel"}
[debug] [2025-12-04T15:50:34.641Z] <<< [apiv2][status] POST https://firebase.googleapis.com/v1/projects:checkProjectId 200
[debug] [2025-12-04T15:50:34.642Z] <<< [apiv2][body] POST https://firebase.googleapis.com/v1/projects:checkProjectId {"projectIdStatus":"PROJECT_ID_NOT_VALID","suggestedProjectId":"protectxsentinel"}
[debug] [2025-12-04T15:50:38.698Z] Checked if tokens are valid: true, expires at: 1764867017971
[debug] [2025-12-04T15:50:38.698Z] Checked if tokens are valid: true, expires at: 1764867017971
[debug] [2025-12-04T15:50:38.700Z] >>> [apiv2][query] POST https://firebase.googleapis.com/v1/projects:checkProjectId [none]
[debug] [2025-12-04T15:50:38.700Z] >>> [apiv2][body] POST https://firebase.googleapis.com/v1/projects:checkProjectId {"proposedId":"protectxsentinel"}
[debug] [2025-12-04T15:50:38.975Z] <<< [apiv2][status] POST https://firebase.googleapis.com/v1/projects:checkProjectId 200
[debug] [2025-12-04T15:50:38.976Z] <<< [apiv2][body] POST https://firebase.googleapis.com/v1/projects:checkProjectId {"projectIdStatus":"PROJECT_ID_AVAILABLE","suggestedProjectId":"protectxsentinel"}
[debug] [2025-12-04T15:50:48.846Z] Checked if tokens are valid: true, expires at: 1764867017971
[debug] [2025-12-04T15:50:48.847Z] Checked if tokens are valid: true, expires at: 1764867017971
[debug] [2025-12-04T15:50:48.847Z] >>> [apiv2][query] POST https://cloudresourcemanager.googleapis.com/v1/projects [none]
[debug] [2025-12-04T15:50:48.847Z] >>> [apiv2][body] POST https://cloudresourcemanager.googleapis.com/v1/projects {"projectId":"protectxsentinel","name":"ProtectX"}
[debug] [2025-12-04T15:50:50.055Z] <<< [apiv2][status] POST https://cloudresourcemanager.googleapis.com/v1/projects 200
[debug] [2025-12-04T15:50:50.056Z] <<< [apiv2][body] POST https://cloudresourcemanager.googleapis.com/v1/projects {"name":"operations/create_project.global.5168959757576922575"}
[debug] [2025-12-04T15:50:50.057Z] Checked if tokens are valid: true, expires at: 1764867017971
[debug] [2025-12-04T15:50:50.058Z] Checked if tokens are valid: true, expires at: 1764867017971
[debug] [2025-12-04T15:50:50.058Z] >>> [apiv2][query] GET https://cloudresourcemanager.googleapis.com/v1/operations/create_project.global.5168959757576922575 [none]
[debug] [2025-12-04T15:50:50.991Z] <<< [apiv2][status] GET https://cloudresourcemanager.googleapis.com/v1/operations/create_project.global.5168959757576922575 200
[debug] [2025-12-04T15:50:50.991Z] <<< [apiv2][body] GET https://cloudresourcemanager.googleapis.com/v1/operations/create_project.global.5168959757576922575 {"name":"operations/create_project.global.5168959757576922575"}
[debug] [2025-12-04T15:50:51.498Z] [Project Creation Poller] Retrying task index 0
[debug] [2025-12-04T15:50:51.498Z] Checked if tokens are valid: true, expires at: 1764867017971
[debug] [2025-12-04T15:50:51.498Z] Checked if tokens are valid: true, expires at: 1764867017971
[debug] [2025-12-04T15:50:51.499Z] >>> [apiv2][query] GET https://cloudresourcemanager.googleapis.com/v1/operations/create_project.global.5168959757576922575 [none]
[debug] [2025-12-04T15:50:51.804Z] <<< [apiv2][status] GET https://cloudresourcemanager.googleapis.com/v1/operations/create_project.global.5168959757576922575 200
[debug] [2025-12-04T15:50:51.804Z] <<< [apiv2][body] GET https://cloudresourcemanager.googleapis.com/v1/operations/create_project.global.5168959757576922575 {"name":"operations/create_project.global.5168959757576922575","metadata":{"@type":"type.googleapis.com/google.cloudresourcemanager.v1.ProjectCreationStatus","gettable":true,"ready":true},"done":true,"response":{"@type":"type.googleapis.com/google.cloudresourcemanager.v1.Project","projectNumber":"761404919294","projectId":"protectxsentinel","lifecycleState":"ACTIVE","name":"ProtectX","createTime":"2025-12-04T15:50:53.861742Z"}}
[debug] [2025-12-04T15:50:51.808Z] Checked if tokens are valid: true, expires at: 1764867017971
[debug] [2025-12-04T15:50:51.808Z] Checked if tokens are valid: true, expires at: 1764867017971
[debug] [2025-12-04T15:50:51.809Z] >>> [apiv2][query] POST https://firebase.googleapis.com/v1beta1/projects/protectxsentinel:addFirebase [none]
[debug] [2025-12-04T15:50:56.009Z] <<< [apiv2][status] POST https://firebase.googleapis.com/v1beta1/projects/protectxsentinel:addFirebase 200
[debug] [2025-12-04T15:50:56.009Z] <<< [apiv2][body] POST https://firebase.googleapis.com/v1beta1/projects/protectxsentinel:addFirebase {"name":"operations/workflows/ODY3MjM4YTMtMmE4Mi00NjRiLTk1MjktMDE2ZjAwM2I5NDhl"}
[debug] [2025-12-04T15:50:56.010Z] Checked if tokens are valid: true, expires at: 1764867017971
[debug] [2025-12-04T15:50:56.010Z] Checked if tokens are valid: true, expires at: 1764867017971
[debug] [2025-12-04T15:50:56.010Z] >>> [apiv2][query] GET https://firebase.googleapis.com/v1beta1/operations/workflows/ODY3MjM4YTMtMmE4Mi00NjRiLTk1MjktMDE2ZjAwM2I5NDhl [none]
[debug] [2025-12-04T15:50:59.520Z] <<< [apiv2][status] GET https://firebase.googleapis.com/v1beta1/operations/workflows/ODY3MjM4YTMtMmE4Mi00NjRiLTk1MjktMDE2ZjAwM2I5NDhl 200
[debug] [2025-12-04T15:50:59.521Z] <<< [apiv2][body] GET https://firebase.googleapis.com/v1beta1/operations/workflows/ODY3MjM4YTMtMmE4Mi00NjRiLTk1MjktMDE2ZjAwM2I5NDhl {"name":"operations/workflows/ODY3MjM4YTMtMmE4Mi00NjRiLTk1MjktMDE2ZjAwM2I5NDhl"}
[debug] [2025-12-04T15:51:00.035Z] [Add Firebase Poller] Retrying task index 0
[debug] [2025-12-04T15:51:00.035Z] Checked if tokens are valid: true, expires at: 1764867017971
[debug] [2025-12-04T15:51:00.035Z] Checked if tokens are valid: true, expires at: 1764867017971
[debug] [2025-12-04T15:51:00.036Z] >>> [apiv2][query] GET https://firebase.googleapis.com/v1beta1/operations/workflows/ODY3MjM4YTMtMmE4Mi00NjRiLTk1MjktMDE2ZjAwM2I5NDhl [none]
[debug] [2025-12-04T15:51:00.996Z] <<< [apiv2][status] GET https://firebase.googleapis.com/v1beta1/operations/workflows/ODY3MjM4YTMtMmE4Mi00NjRiLTk1MjktMDE2ZjAwM2I5NDhl 200
[debug] [2025-12-04T15:51:00.996Z] <<< [apiv2][body] GET https://firebase.googleapis.com/v1beta1/operations/workflows/ODY3MjM4YTMtMmE4Mi00NjRiLTk1MjktMDE2ZjAwM2I5NDhl {"name":"operations/workflows/ODY3MjM4YTMtMmE4Mi00NjRiLTk1MjktMDE2ZjAwM2I5NDhl"}
[debug] [2025-12-04T15:51:02.001Z] [Add Firebase Poller] Retrying task index 0
[debug] [2025-12-04T15:51:02.001Z] Checked if tokens are valid: true, expires at: 1764867017971
[debug] [2025-12-04T15:51:02.002Z] Checked if tokens are valid: true, expires at: 1764867017971
[debug] [2025-12-04T15:51:02.002Z] >>> [apiv2][query] GET https://firebase.googleapis.com/v1beta1/operations/workflows/ODY3MjM4YTMtMmE4Mi00NjRiLTk1MjktMDE2ZjAwM2I5NDhl [none]
[debug] [2025-12-04T15:51:02.765Z] <<< [apiv2][status] GET https://firebase.googleapis.com/v1beta1/operations/workflows/ODY3MjM4YTMtMmE4Mi00NjRiLTk1MjktMDE2ZjAwM2I5NDhl 200
[debug] [2025-12-04T15:51:02.765Z] <<< [apiv2][body] GET https://firebase.googleapis.com/v1beta1/operations/workflows/ODY3MjM4YTMtMmE4Mi00NjRiLTk1MjktMDE2ZjAwM2I5NDhl {"name":"operations/workflows/ODY3MjM4YTMtMmE4Mi00NjRiLTk1MjktMDE2ZjAwM2I5NDhl"}
[debug] [2025-12-04T15:51:04.767Z] [Add Firebase Poller] Retrying task index 0
[debug] [2025-12-04T15:51:04.768Z] Checked if tokens are valid: true, expires at: 1764867017971
[debug] [2025-12-04T15:51:04.768Z] Checked if tokens are valid: true, expires at: 1764867017971
[debug] [2025-12-04T15:51:04.768Z] >>> [apiv2][query] GET https://firebase.googleapis.com/v1beta1/operations/workflows/ODY3MjM4YTMtMmE4Mi00NjRiLTk1MjktMDE2ZjAwM2I5NDhl [none]
[debug] [2025-12-04T15:51:05.534Z] <<< [apiv2][status] GET https://firebase.googleapis.com/v1beta1/operations/workflows/ODY3MjM4YTMtMmE4Mi00NjRiLTk1MjktMDE2ZjAwM2I5NDhl 200
[debug] [2025-12-04T15:51:05.534Z] <<< [apiv2][body] GET https://firebase.googleapis.com/v1beta1/operations/workflows/ODY3MjM4YTMtMmE4Mi00NjRiLTk1MjktMDE2ZjAwM2I5NDhl {"name":"operations/workflows/ODY3MjM4YTMtMmE4Mi00NjRiLTk1MjktMDE2ZjAwM2I5NDhl","done":true,"response":{"@type":"type.googleapis.com/google.firebase.service.v1beta1.FirebaseProject","projectId":"protectxsentinel","projectNumber":"761404919294","displayName":"ProtectX","name":"projects/protectxsentinel","resources":{"hostingSite":"protectxsentinel"}}}
[info] 
[info] === Your Firebase project is ready! ===
[info] 
[info] Project information:
[info]    - Project ID: protectxsentinel
[info]    - Project Name: ProtectX
[info] 
[info] Firebase console is available at
[info] https://console.firebase.google.com/project/protectxsentinel/overview
[info] 
=== Hosting Setup
[debug] [2025-12-04T15:51:05.557Z] Checked if tokens are valid: true, expires at: 1764867017971
[debug] [2025-12-04T15:51:05.557Z] Checked if tokens are valid: true, expires at: 1764867017971
[debug] [2025-12-04T15:51:05.557Z] >>> [apiv2][query] GET https://firebase.googleapis.com/v1beta1/projects/protectxsentinel [none]
[debug] [2025-12-04T15:51:06.516Z] <<< [apiv2][status] GET https://firebase.googleapis.com/v1beta1/projects/protectxsentinel 200
[debug] [2025-12-04T15:51:06.516Z] <<< [apiv2][body] GET https://firebase.googleapis.com/v1beta1/projects/protectxsentinel {"projectId":"protectxsentinel","projectNumber":"761404919294","displayName":"ProtectX","name":"projects/protectxsentinel","resources":{"hostingSite":"protectxsentinel"},"state":"ACTIVE","etag":"1_1de6c38f-ec2f-4a9f-aa0d-2d274c1355fa"}
[info] 
[info] Your public directory is the folder (relative to your project directory) that
[info] will contain Hosting assets to be uploaded with firebase deploy. If you
[info] have a build process for your assets, use your build's output directory.
[info] 
